# JRE version: OpenJDK Runtime Environment Temurin-17.0.7+7 (17.0.7+7) (build 17.0.7+7)
# Java VM: OpenJDK 64-Bit Server VM Temurin-17.0.7+7 (17.0.7+7, mixed mode, emulated-client, tiered, compressed oops, compressed class ptrs, g1 gc, windows-amd64)
GC Precious Log:
 CPUs: 8 total, 8 available
 Memory: 7778M
 Large Page Support: Disabled
 NUMA Support: Disabled
 Compressed Oops: Enabled (32-bit)
 Heap Region Size: 1M
 Heap Min Capacity: 8M
 Heap Initial Capacity: 122M
 Heap Max Capacity: 1G
 Pre-touch: Disabled
 Parallel Workers: 8
 Concurrent Workers: 2
 Concurrent Refinement Workers: 8
 Periodic GC: Disabled
Heap:
 garbage-first heap   total 55296K, used 17145K [0x00000000c0000000, 0x0000000100000000)
  region size 1024K, 1 young (1024K), 0 survivors (0K)
 Metaspace       used 37417K, committed 37952K, reserved 1114112K
  class space    used 4847K, committed 5056K, reserved 1048576K
GC Heap History (20 events):
Event: 2724.644 GC heap before
{Heap before GC invocations=244 (full 234):
 garbage-first heap   total 55296K, used 17154K [0x00000000c0000000, 0x0000000100000000)
  region size 1024K, 1 young (1024K), 0 survivors (0K)
 Metaspace       used 37417K, committed 37952K, reserved 1114112K
  class space    used 4847K, committed 5056K, reserved 1048576K
}
Event: 2724.704 GC heap after
{Heap after GC invocations=245 (full 235):
 garbage-first heap   total 55296K, used 17154K [0x00000000c0000000, 0x0000000100000000)
  region size 1024K, 0 young (0K), 0 survivors (0K)
 Metaspace       used 37417K, committed 37952K, reserved 1114112K
  class space    used 4847K, committed 5056K, reserved 1048576K
}
Event: 2735.071 GC heap before
{Heap before GC invocations=245 (full 235):
 garbage-first heap   total 55296K, used 17154K [0x00000000c0000000, 0x0000000100000000)
  region size 1024K, 1 young (1024K), 0 survivors (0K)
 Metaspace       used 37417K, committed 37952K, reserved 1114112K
  class space    used 4847K, committed 5056K, reserved 1048576K
}
Event: 2735.122 GC heap after
{Heap after GC invocations=246 (full 236):
 garbage-first heap   total 55296K, used 17154K [0x00000000c0000000, 0x0000000100000000)
  region size 1024K, 0 young (0K), 0 survivors (0K)
 Metaspace       used 37417K, committed 37952K, reserved 1114112K
  class space    used 4847K, committed 5056K, reserved 1048576K
}
Event: 2745.594 GC heap before
{Heap before GC invocations=246 (full 236):
 garbage-first heap   total 55296K, used 17154K [0x00000000c0000000, 0x0000000100000000)
  region size 1024K, 1 young (1024K), 0 survivors (0K)
 Metaspace       used 37417K, committed 37952K, reserved 1114112K
  class space    used 4847K, committed 5056K, reserved 1048576K
}
Event: 2745.652 GC heap after
{Heap after GC invocations=247 (full 237):
 garbage-first heap   total 55296K, used 17154K [0x00000000c0000000, 0x0000000100000000)
  region size 1024K, 0 young (0K), 0 survivors (0K)
 Metaspace       used 37417K, committed 37952K, reserved 1114112K
  class space    used 4847K, committed 5056K, reserved 1048576K
}
Event: 2756.177 GC heap before
{Heap before GC invocations=247 (full 237):
 garbage-first heap   total 55296K, used 17154K [0x00000000c0000000, 0x0000000100000000)
  region size 1024K, 1 young (1024K), 0 survivors (0K)
 Metaspace       used 37417K, committed 37952K, reserved 1114112K
  class space    used 4847K, committed 5056K, reserved 1048576K
}
Event: 2756.233 GC heap after
{Heap after GC invocations=248 (full 238):
 garbage-first heap   total 55296K, used 17145K [0x00000000c0000000, 0x0000000100000000)
  region size 1024K, 0 young (0K), 0 survivors (0K)
 Metaspace       used 37417K, committed 37952K, reserved 1114112K
  class space    used 4847K, committed 5056K, reserved 1048576K
}
Event: 2766.673 GC heap before
{Heap before GC invocations=248 (full 238):
 garbage-first heap   total 55296K, used 17145K [0x00000000c0000000, 0x0000000100000000)
  region size 1024K, 1 young (1024K), 0 survivors (0K)
 Metaspace       used 37417K, committed 37952K, reserved 1114112K
  class space    used 4847K, committed 5056K, reserved 1048576K
}
Event: 2766.728 GC heap after
{Heap after GC invocations=249 (full 239):
 garbage-first heap   total 55296K, used 17145K [0x00000000c0000000, 0x0000000100000000)
  region size 1024K, 0 young (0K), 0 survivors (0K)
 Metaspace       used 37417K, committed 37952K, reserved 1114112K
  class space    used 4847K, committed 5056K, reserved 1048576K
}
Event: 2776.994 GC heap before
{Heap before GC invocations=249 (full 239):
 garbage-first heap   total 55296K, used 17145K [0x00000000c0000000, 0x0000000100000000)
  region size 1024K, 1 young (1024K), 0 survivors (0K)
 Metaspace       used 37417K, committed 37952K, reserved 1114112K
  class space    used 4847K, committed 5056K, reserved 1048576K
}
Event: 2777.029 GC heap after
{Heap after GC invocations=250 (full 240):
 garbage-first heap   total 55296K, used 17145K [0x00000000c0000000, 0x0000000100000000)
  region size 1024K, 0 young (0K), 0 survivors (0K)
 Metaspace       used 37417K, committed 37952K, reserved 1114112K
  class space    used 4847K, committed 5056K, reserved 1048576K
}
Event: 2787.266 GC heap before
{Heap before GC invocations=250 (full 240):
 garbage-first heap   total 55296K, used 17145K [0x00000000c0000000, 0x0000000100000000)
  region size 1024K, 1 young (1024K), 0 survivors (0K)
 Metaspace       used 37417K, committed 37952K, reserved 1114112K
  class space    used 4847K, committed 5056K, reserved 1048576K
}
Event: 2787.302 GC heap after
{Heap after GC invocations=251 (full 241):
 garbage-first heap   total 55296K, used 17145K [0x00000000c0000000, 0x0000000100000000)
  region size 1024K, 0 young (0K), 0 survivors (0K)
 Metaspace       used 37417K, committed 37952K, reserved 1114112K
  class space    used 4847K, committed 5056K, reserved 1048576K
}
Event: 2797.556 GC heap before
{Heap before GC invocations=251 (full 241):
 garbage-first heap   total 55296K, used 17145K [0x00000000c0000000, 0x0000000100000000)
  region size 1024K, 1 young (1024K), 0 survivors (0K)
 Metaspace       used 37417K, committed 37952K, reserved 1114112K
  class space    used 4847K, committed 5056K, reserved 1048576K
}
Event: 2797.601 GC heap after
{Heap after GC invocations=252 (full 242):
 garbage-first heap   total 55296K, used 17145K [0x00000000c0000000, 0x0000000100000000)
  region size 1024K, 0 young (0K), 0 survivors (0K)
 Metaspace       used 37417K, committed 37952K, reserved 1114112K
  class space    used 4847K, committed 5056K, reserved 1048576K
}
Event: 2807.875 GC heap before
{Heap before GC invocations=252 (full 242):
 garbage-first heap   total 55296K, used 17145K [0x00000000c0000000, 0x0000000100000000)
  region size 1024K, 1 young (1024K), 0 survivors (0K)
 Metaspace       used 37417K, committed 37952K, reserved 1114112K
  class space    used 4847K, committed 5056K, reserved 1048576K
}
Event: 2807.918 GC heap after
{Heap after GC invocations=253 (full 243):
 garbage-first heap   total 55296K, used 17145K [0x00000000c0000000, 0x0000000100000000)
  region size 1024K, 0 young (0K), 0 survivors (0K)
 Metaspace       used 37417K, committed 37952K, reserved 1114112K
  class space    used 4847K, committed 5056K, reserved 1048576K
}
Event: 2818.171 GC heap before
{Heap before GC invocations=253 (full 243):
 garbage-first heap   total 55296K, used 17145K [0x00000000c0000000, 0x0000000100000000)
  region size 1024K, 1 young (1024K), 0 survivors (0K)
 Metaspace       used 37417K, committed 37952K, reserved 1114112K
  class space    used 4847K, committed 5056K, reserved 1048576K
}
Event: 2818.206 GC heap after
{Heap after GC invocations=254 (full 244):
 garbage-first heap   total 55296K, used 17145K [0x00000000c0000000, 0x0000000100000000)
  region size 1024K, 0 young (0K), 0 survivors (0K)
 Metaspace       used 37417K, committed 37952K, reserved 1114112K
  class space    used 4847K, committed 5056K, reserved 1048576K
}

